/usr/local/bin/populations -b 2 -P /home/jorge/POPULATIONS_GENOMICS/MslI/stacks/denovo -s -M /home/jorge/POPULATIONS_GENOMICS/MslI/stacks/pop_map/pop_map -t 4 --genepop --vcf --vcf_haplotypes --structure
/usr/local/bin/populations version 1.47 executed 2017-10-25 11:40:28

# Distribution of population loci.
# Distribution of valid loci matched to catalog locus.
# Valid samples at locus	Count
1	69
2	19
3	7
4	9
5	5
6	3
7	4
8	5
9	2
10	4
11	2
12	7
# Distribution of confounded loci at catalog locus.
# Confounded samples at locus	Count
0	135
7	1
# Distribution of missing loci at catalog loci.
# Absent samples at locus	Count
0	135
7	1
# Distribution of population loci after applying locus constraints.
# Distribution of valid loci matched to catalog locus.
# Valid samples at locus	Count
1	69
2	19
3	7
4	9
5	5
6	3
7	4
8	5
9	2
10	4
11	2
12	7
# Distribution of confounded loci at catalog locus.
# Confounded samples at locus	Count
0	135
7	1
# Distribution of missing loci at catalog loci.
# Absent samples at locus	Count
0	135
7	1
Population 1 contained 0 incompatible loci -- more than two alleles present.
Population 2 contained 0 incompatible loci -- more than two alleles present.
Population 3 contained 0 incompatible loci -- more than two alleles present.
Population 1 contained 0 incompatible loci -- more than two alleles present.
Population 2 contained 0 incompatible loci -- more than two alleles present.
Population 3 contained 0 incompatible loci -- more than two alleles present.
# Distribution of the number of SNPs per locus.
#n_snps	n_loci
0	115
1	11
2	6
3	1
4	2
5	1
