/usr/local/bin/populations -b 1 -P /home/jorge/POPULATIONS_GENOMICS/PstI-MspI/stacks/denovo -s -M /home/jorge/POPULATIONS_GENOMICS/PstI-MspI/stacks/pop_map/pop_map -t 4 --genepop --vcf --vcf_haplotypes --structure
/usr/local/bin/populations version 1.47 executed 2017-10-25 22:56:03

# Distribution of population loci.
# Distribution of valid loci matched to catalog locus.
# Valid samples at locus	Count
1	22
2	11
3	5
4	7
5	3
6	1
7	5
8	2
9	11
10	5
11	4
12	6
# Distribution of confounded loci at catalog locus.
# Confounded samples at locus	Count
0	82
# Distribution of missing loci at catalog loci.
# Absent samples at locus	Count
0	82
# Distribution of population loci after applying locus constraints.
# Distribution of valid loci matched to catalog locus.
# Valid samples at locus	Count
1	22
2	11
3	5
4	7
5	3
6	1
7	5
8	2
9	11
10	5
11	4
12	6
# Distribution of confounded loci at catalog locus.
# Confounded samples at locus	Count
0	82
# Distribution of missing loci at catalog loci.
# Absent samples at locus	Count
0	82
Population 1 contained 0 incompatible loci -- more than two alleles present.
Population 2 contained 0 incompatible loci -- more than two alleles present.
Population 3 contained 0 incompatible loci -- more than two alleles present.
Population 1 contained 0 incompatible loci -- more than two alleles present.
Population 2 contained 0 incompatible loci -- more than two alleles present.
Population 3 contained 0 incompatible loci -- more than two alleles present.
# Distribution of the number of SNPs per locus.
#n_snps	n_loci
0	64
1	14
2	3
3	0
4	1
