/usr/local/bin/populations -b 1 -P /home/jorge/POPULATIONS_GENOMICS/PstI-MspI/stacks/reference/reference_20 -s -M /home/jorge/POPULATIONS_GENOMICS/PstI-MspI/stacks/pop_map/pop_map_reference -t 4 --genepop --vcf --vcf_haplotypes --structure
/usr/local/bin/populations version 1.47 executed 2017-11-01 16:10:38

# Distribution of population loci.
# Distribution of valid loci matched to catalog locus.
# Valid samples at locus	Count
1	32
2	10
3	5
4	5
6	7
9	2
10	6
11	2
12	6
# Distribution of confounded loci at catalog locus.
# Confounded samples at locus	Count
0	75
# Distribution of missing loci at catalog loci.
# Absent samples at locus	Count
0	75
# Distribution of population loci after applying locus constraints.
# Distribution of valid loci matched to catalog locus.
# Valid samples at locus	Count
1	32
2	10
3	5
4	5
6	7
9	2
10	6
11	2
12	6
# Distribution of confounded loci at catalog locus.
# Confounded samples at locus	Count
0	75
# Distribution of missing loci at catalog loci.
# Absent samples at locus	Count
0	75
Population 1 contained 11 incompatible loci -- more than two alleles present.
Population 2 contained 11 incompatible loci -- more than two alleles present.
Population 3 contained 11 incompatible loci -- more than two alleles present.
Population 1 contained 0 incompatible loci -- more than two alleles present.
Population 2 contained 0 incompatible loci -- more than two alleles present.
Population 3 contained 0 incompatible loci -- more than two alleles present.
# Distribution of the number of SNPs per locus.
#n_snps	n_loci
0	45
1	7
2	6
3	7
4	3
5	3
6	0
7	1
8	1
9	0
10	0
11	1
